State 109 contains 1 shift/reduce conflict.

Grammar
rule 1    program -> decl_list
rule 2    program ->		/* empty */
rule 3    decl_list -> decl_list decl
rule 4    decl_list -> decl
rule 5    decl -> func_decl
rule 6    decl -> stmt
rule 7    type -> TIPO
rule 8    var_decl -> type VAR ID END_BLOCO
rule 9    var_decl -> type VAR ID END_BLOCO operando FIM_LINHA
rule 10   func_decl -> type FUNC ID param_list BLOCO_INI stmt_list END_BLOCO
rule 11   func_decl -> type FUNC ID BLOCO_INI stmt_list END_BLOCO
rule 12   param_list -> param_list param
rule 13   param_list -> param
rule 14   param -> TIPO ID
rule 15   stmt_list -> stmt_list stmt
rule 16   stmt_list ->		/* empty */
rule 17   stmt -> var_decl
rule 18   stmt -> op_binario
rule 19   stmt -> op_unario
rule 20   stmt -> if_stmt
rule 21   stmt -> while_stmt
rule 22   stmt -> return_stmt
rule 23   stmt -> break_stmt
rule 24   stmt -> continue_stmt
rule 25   stmt -> read_list_stmt
rule 26   stmt -> write_list_stmt
rule 27   stmt -> func_call_stmt
rule 28   operando -> ID
rule 29   operando -> LIT_INT
rule 30   operando -> LIT_FLOAT
rule 31   operando -> LIT_CHAR
rule 32   operando -> LIT_STRING
rule 33   operando -> LIT_BOOL
rule 34   operando -> ACORDE_LIVRE
rule 35   op_binario -> OP_ADD ID operando operando FIM_LINHA
rule 36   op_binario -> OP_SUB ID operando operando FIM_LINHA
rule 37   op_binario -> OP_MUL ID operando operando FIM_LINHA
rule 38   op_binario -> OP_DIV ID operando operando FIM_LINHA
rule 39   op_binario -> OP_AND ID operando operando FIM_LINHA
rule 40   op_binario -> OP_OR ID operando operando FIM_LINHA
rule 41   op_binario -> OP_EQ ID operando operando FIM_LINHA
rule 42   op_binario -> OP_NEQ ID operando operando FIM_LINHA
rule 43   op_binario -> OP_GT ID operando operando FIM_LINHA
rule 44   op_binario -> OP_LT ID operando operando FIM_LINHA
rule 45   op_binario -> OP_GTE ID operando operando FIM_LINHA
rule 46   op_binario -> OP_LTE ID operando operando FIM_LINHA
rule 47   op_unario -> OP_NOT ID operando FIM_LINHA
rule 48   if_stmt -> IF BLOCO_INI ID FIM_LINHA stmt_list END_BLOCO
rule 49   if_stmt -> IF BLOCO_INI ID FIM_LINHA stmt_list END_BLOCO ELSE BLOCO_INI stmt_list END_BLOCO
rule 50   while_stmt -> WHILE BLOCO_INI ID FIM_LINHA stmt_list END_BLOCO
rule 51   return_stmt -> KW_RETURN operando FIM_LINHA
rule 52   break_stmt -> KW_BREAK FIM_LINHA
rule 53   continue_stmt -> KW_CONTINUE FIM_LINHA
rule 54   func_call_stmt -> ID operando_list FIM_LINHA
rule 55   operando_list -> operando_list operando
rule 56   operando_list ->		/* empty */
rule 57   read_list_stmt -> READ_LIST ID ID operando FIM_LINHA
rule 58   write_list_stmt -> WRITE_LIST ID operando operando FIM_LINHA

Terminals, with rules where they appear

$ (-1)
error (256)
FIM_LINHA (258) 9 35 36 37 38 39 40 41 42 43 44 45 46 47 48 49 50 51
    52 53 54 57 58
TIPO (259) 7 14
VAR (260) 8 9
FUNC (261) 10 11
IF (262) 48 49
ELSE (263) 49
WHILE (264) 50
KW_RETURN (265) 51
KW_BREAK (266) 52
KW_CONTINUE (267) 53
BLOCO_INI (268) 10 11 48 49 50
END_BLOCO (269) 8 9 10 11 48 49 50
READ_LIST (270) 57
WRITE_LIST (271) 58
OP_ADD (272) 35
OP_SUB (273) 36
OP_MUL (274) 37
OP_DIV (275) 38
OP_AND (276) 39
OP_OR (277) 40
OP_NOT (278) 47
OP_EQ (279) 41
OP_NEQ (280) 42
OP_GT (281) 43
OP_LT (282) 44
OP_GTE (283) 45
OP_LTE (284) 46
LIT_INT (285) 29
LIT_FLOAT (286) 30
LIT_CHAR (287) 31
LIT_STRING (288) 32
LIT_BOOL (289) 33
ID (290) 8 9 10 11 14 28 35 36 37 38 39 40 41 42 43 44 45 46 47 48
    49 50 54 57 58
ACORDE_LIVRE (291) 34

Nonterminals, with rules where they appear

program (37)
    on left: 1 2
decl_list (38)
    on left: 3 4, on right: 1 3
decl (39)
    on left: 5 6, on right: 3 4
type (40)
    on left: 7, on right: 8 9 10 11
var_decl (41)
    on left: 8 9, on right: 17
func_decl (42)
    on left: 10 11, on right: 5
param_list (43)
    on left: 12 13, on right: 10 12
param (44)
    on left: 14, on right: 12 13
stmt_list (45)
    on left: 15 16, on right: 10 11 15 48 49 50
stmt (46)
    on left: 17 18 19 20 21 22 23 24 25 26 27, on right: 6 15
operando (47)
    on left: 28 29 30 31 32 33 34, on right: 9 35 36 37 38 39 40 41
    42 43 44 45 46 47 51 55 57 58
op_binario (48)
    on left: 35 36 37 38 39 40 41 42 43 44 45 46, on right: 18
op_unario (49)
    on left: 47, on right: 19
if_stmt (50)
    on left: 48 49, on right: 20
while_stmt (51)
    on left: 50, on right: 21
return_stmt (52)
    on left: 51, on right: 22
break_stmt (53)
    on left: 52, on right: 23
continue_stmt (54)
    on left: 53, on right: 24
func_call_stmt (55)
    on left: 54, on right: 27
operando_list (56)
    on left: 55 56, on right: 54 55
read_list_stmt (57)
    on left: 57, on right: 25
write_list_stmt (58)
    on left: 58, on right: 26


state 0

    TIPO	shift, and go to state 1
    IF  	shift, and go to state 2
    WHILE	shift, and go to state 3
    KW_RETURN	shift, and go to state 4
    KW_BREAK	shift, and go to state 5
    KW_CONTINUE	shift, and go to state 6
    READ_LIST	shift, and go to state 7
    WRITE_LIST	shift, and go to state 8
    OP_ADD	shift, and go to state 9
    OP_SUB	shift, and go to state 10
    OP_MUL	shift, and go to state 11
    OP_DIV	shift, and go to state 12
    OP_AND	shift, and go to state 13
    OP_OR	shift, and go to state 14
    OP_NOT	shift, and go to state 15
    OP_EQ	shift, and go to state 16
    OP_NEQ	shift, and go to state 17
    OP_GT	shift, and go to state 18
    OP_LT	shift, and go to state 19
    OP_GTE	shift, and go to state 20
    OP_LTE	shift, and go to state 21
    ID  	shift, and go to state 22

    $default	reduce using rule 2 (program)

    program	go to state 147
    decl_list	go to state 23
    decl	go to state 24
    type	go to state 25
    var_decl	go to state 26
    func_decl	go to state 27
    stmt	go to state 28
    op_binario	go to state 29
    op_unario	go to state 30
    if_stmt	go to state 31
    while_stmt	go to state 32
    return_stmt	go to state 33
    break_stmt	go to state 34
    continue_stmt	go to state 35
    func_call_stmt	go to state 36
    read_list_stmt	go to state 37
    write_list_stmt	go to state 38



state 1

    type  ->  TIPO .   (rule 7)

    $default	reduce using rule 7 (type)



state 2

    if_stmt  ->  IF . BLOCO_INI ID FIM_LINHA stmt_list END_BLOCO   (rule 48)
    if_stmt  ->  IF . BLOCO_INI ID FIM_LINHA stmt_list END_BLOCO ELSE BLOCO_INI stmt_list END_BLOCO   (rule 49)

    BLOCO_INI	shift, and go to state 39



state 3

    while_stmt  ->  WHILE . BLOCO_INI ID FIM_LINHA stmt_list END_BLOCO   (rule 50)

    BLOCO_INI	shift, and go to state 40



state 4

    return_stmt  ->  KW_RETURN . operando FIM_LINHA   (rule 51)

    LIT_INT	shift, and go to state 41
    LIT_FLOAT	shift, and go to state 42
    LIT_CHAR	shift, and go to state 43
    LIT_STRING	shift, and go to state 44
    LIT_BOOL	shift, and go to state 45
    ID  	shift, and go to state 46
    ACORDE_LIVRE	shift, and go to state 47

    operando	go to state 48



state 5

    break_stmt  ->  KW_BREAK . FIM_LINHA   (rule 52)

    FIM_LINHA	shift, and go to state 49



state 6

    continue_stmt  ->  KW_CONTINUE . FIM_LINHA   (rule 53)

    FIM_LINHA	shift, and go to state 50



state 7

    read_list_stmt  ->  READ_LIST . ID ID operando FIM_LINHA   (rule 57)

    ID  	shift, and go to state 51



state 8

    write_list_stmt  ->  WRITE_LIST . ID operando operando FIM_LINHA   (rule 58)

    ID  	shift, and go to state 52



state 9

    op_binario  ->  OP_ADD . ID operando operando FIM_LINHA   (rule 35)

    ID  	shift, and go to state 53



state 10

    op_binario  ->  OP_SUB . ID operando operando FIM_LINHA   (rule 36)

    ID  	shift, and go to state 54



state 11

    op_binario  ->  OP_MUL . ID operando operando FIM_LINHA   (rule 37)

    ID  	shift, and go to state 55



state 12

    op_binario  ->  OP_DIV . ID operando operando FIM_LINHA   (rule 38)

    ID  	shift, and go to state 56



state 13

    op_binario  ->  OP_AND . ID operando operando FIM_LINHA   (rule 39)

    ID  	shift, and go to state 57



state 14

    op_binario  ->  OP_OR . ID operando operando FIM_LINHA   (rule 40)

    ID  	shift, and go to state 58



state 15

    op_unario  ->  OP_NOT . ID operando FIM_LINHA   (rule 47)

    ID  	shift, and go to state 59



state 16

    op_binario  ->  OP_EQ . ID operando operando FIM_LINHA   (rule 41)

    ID  	shift, and go to state 60



state 17

    op_binario  ->  OP_NEQ . ID operando operando FIM_LINHA   (rule 42)

    ID  	shift, and go to state 61



state 18

    op_binario  ->  OP_GT . ID operando operando FIM_LINHA   (rule 43)

    ID  	shift, and go to state 62



state 19

    op_binario  ->  OP_LT . ID operando operando FIM_LINHA   (rule 44)

    ID  	shift, and go to state 63



state 20

    op_binario  ->  OP_GTE . ID operando operando FIM_LINHA   (rule 45)

    ID  	shift, and go to state 64



state 21

    op_binario  ->  OP_LTE . ID operando operando FIM_LINHA   (rule 46)

    ID  	shift, and go to state 65



state 22

    func_call_stmt  ->  ID . operando_list FIM_LINHA   (rule 54)

    $default	reduce using rule 56 (operando_list)

    operando_list	go to state 66



state 23

    program  ->  decl_list .   (rule 1)
    decl_list  ->  decl_list . decl   (rule 3)

    TIPO	shift, and go to state 1
    IF  	shift, and go to state 2
    WHILE	shift, and go to state 3
    KW_RETURN	shift, and go to state 4
    KW_BREAK	shift, and go to state 5
    KW_CONTINUE	shift, and go to state 6
    READ_LIST	shift, and go to state 7
    WRITE_LIST	shift, and go to state 8
    OP_ADD	shift, and go to state 9
    OP_SUB	shift, and go to state 10
    OP_MUL	shift, and go to state 11
    OP_DIV	shift, and go to state 12
    OP_AND	shift, and go to state 13
    OP_OR	shift, and go to state 14
    OP_NOT	shift, and go to state 15
    OP_EQ	shift, and go to state 16
    OP_NEQ	shift, and go to state 17
    OP_GT	shift, and go to state 18
    OP_LT	shift, and go to state 19
    OP_GTE	shift, and go to state 20
    OP_LTE	shift, and go to state 21
    ID  	shift, and go to state 22

    $default	reduce using rule 1 (program)

    decl	go to state 67
    type	go to state 25
    var_decl	go to state 26
    func_decl	go to state 27
    stmt	go to state 28
    op_binario	go to state 29
    op_unario	go to state 30
    if_stmt	go to state 31
    while_stmt	go to state 32
    return_stmt	go to state 33
    break_stmt	go to state 34
    continue_stmt	go to state 35
    func_call_stmt	go to state 36
    read_list_stmt	go to state 37
    write_list_stmt	go to state 38



state 24

    decl_list  ->  decl .   (rule 4)

    $default	reduce using rule 4 (decl_list)



state 25

    var_decl  ->  type . VAR ID END_BLOCO   (rule 8)
    var_decl  ->  type . VAR ID END_BLOCO operando FIM_LINHA   (rule 9)
    func_decl  ->  type . FUNC ID param_list BLOCO_INI stmt_list END_BLOCO   (rule 10)
    func_decl  ->  type . FUNC ID BLOCO_INI stmt_list END_BLOCO   (rule 11)

    VAR 	shift, and go to state 68
    FUNC	shift, and go to state 69



state 26

    stmt  ->  var_decl .   (rule 17)

    $default	reduce using rule 17 (stmt)



state 27

    decl  ->  func_decl .   (rule 5)

    $default	reduce using rule 5 (decl)



state 28

    decl  ->  stmt .   (rule 6)

    $default	reduce using rule 6 (decl)



state 29

    stmt  ->  op_binario .   (rule 18)

    $default	reduce using rule 18 (stmt)



state 30

    stmt  ->  op_unario .   (rule 19)

    $default	reduce using rule 19 (stmt)



state 31

    stmt  ->  if_stmt .   (rule 20)

    $default	reduce using rule 20 (stmt)



state 32

    stmt  ->  while_stmt .   (rule 21)

    $default	reduce using rule 21 (stmt)



state 33

    stmt  ->  return_stmt .   (rule 22)

    $default	reduce using rule 22 (stmt)



state 34

    stmt  ->  break_stmt .   (rule 23)

    $default	reduce using rule 23 (stmt)



state 35

    stmt  ->  continue_stmt .   (rule 24)

    $default	reduce using rule 24 (stmt)



state 36

    stmt  ->  func_call_stmt .   (rule 27)

    $default	reduce using rule 27 (stmt)



state 37

    stmt  ->  read_list_stmt .   (rule 25)

    $default	reduce using rule 25 (stmt)



state 38

    stmt  ->  write_list_stmt .   (rule 26)

    $default	reduce using rule 26 (stmt)



state 39

    if_stmt  ->  IF BLOCO_INI . ID FIM_LINHA stmt_list END_BLOCO   (rule 48)
    if_stmt  ->  IF BLOCO_INI . ID FIM_LINHA stmt_list END_BLOCO ELSE BLOCO_INI stmt_list END_BLOCO   (rule 49)

    ID  	shift, and go to state 70



state 40

    while_stmt  ->  WHILE BLOCO_INI . ID FIM_LINHA stmt_list END_BLOCO   (rule 50)

    ID  	shift, and go to state 71



state 41

    operando  ->  LIT_INT .   (rule 29)

    $default	reduce using rule 29 (operando)



state 42

    operando  ->  LIT_FLOAT .   (rule 30)

    $default	reduce using rule 30 (operando)



state 43

    operando  ->  LIT_CHAR .   (rule 31)

    $default	reduce using rule 31 (operando)



state 44

    operando  ->  LIT_STRING .   (rule 32)

    $default	reduce using rule 32 (operando)



state 45

    operando  ->  LIT_BOOL .   (rule 33)

    $default	reduce using rule 33 (operando)



state 46

    operando  ->  ID .   (rule 28)

    $default	reduce using rule 28 (operando)



state 47

    operando  ->  ACORDE_LIVRE .   (rule 34)

    $default	reduce using rule 34 (operando)



state 48

    return_stmt  ->  KW_RETURN operando . FIM_LINHA   (rule 51)

    FIM_LINHA	shift, and go to state 72



state 49

    break_stmt  ->  KW_BREAK FIM_LINHA .   (rule 52)

    $default	reduce using rule 52 (break_stmt)



state 50

    continue_stmt  ->  KW_CONTINUE FIM_LINHA .   (rule 53)

    $default	reduce using rule 53 (continue_stmt)



state 51

    read_list_stmt  ->  READ_LIST ID . ID operando FIM_LINHA   (rule 57)

    ID  	shift, and go to state 73



state 52

    write_list_stmt  ->  WRITE_LIST ID . operando operando FIM_LINHA   (rule 58)

    LIT_INT	shift, and go to state 41
    LIT_FLOAT	shift, and go to state 42
    LIT_CHAR	shift, and go to state 43
    LIT_STRING	shift, and go to state 44
    LIT_BOOL	shift, and go to state 45
    ID  	shift, and go to state 46
    ACORDE_LIVRE	shift, and go to state 47

    operando	go to state 74



state 53

    op_binario  ->  OP_ADD ID . operando operando FIM_LINHA   (rule 35)

    LIT_INT	shift, and go to state 41
    LIT_FLOAT	shift, and go to state 42
    LIT_CHAR	shift, and go to state 43
    LIT_STRING	shift, and go to state 44
    LIT_BOOL	shift, and go to state 45
    ID  	shift, and go to state 46
    ACORDE_LIVRE	shift, and go to state 47

    operando	go to state 75



state 54

    op_binario  ->  OP_SUB ID . operando operando FIM_LINHA   (rule 36)

    LIT_INT	shift, and go to state 41
    LIT_FLOAT	shift, and go to state 42
    LIT_CHAR	shift, and go to state 43
    LIT_STRING	shift, and go to state 44
    LIT_BOOL	shift, and go to state 45
    ID  	shift, and go to state 46
    ACORDE_LIVRE	shift, and go to state 47

    operando	go to state 76



state 55

    op_binario  ->  OP_MUL ID . operando operando FIM_LINHA   (rule 37)

    LIT_INT	shift, and go to state 41
    LIT_FLOAT	shift, and go to state 42
    LIT_CHAR	shift, and go to state 43
    LIT_STRING	shift, and go to state 44
    LIT_BOOL	shift, and go to state 45
    ID  	shift, and go to state 46
    ACORDE_LIVRE	shift, and go to state 47

    operando	go to state 77



state 56

    op_binario  ->  OP_DIV ID . operando operando FIM_LINHA   (rule 38)

    LIT_INT	shift, and go to state 41
    LIT_FLOAT	shift, and go to state 42
    LIT_CHAR	shift, and go to state 43
    LIT_STRING	shift, and go to state 44
    LIT_BOOL	shift, and go to state 45
    ID  	shift, and go to state 46
    ACORDE_LIVRE	shift, and go to state 47

    operando	go to state 78



state 57

    op_binario  ->  OP_AND ID . operando operando FIM_LINHA   (rule 39)

    LIT_INT	shift, and go to state 41
    LIT_FLOAT	shift, and go to state 42
    LIT_CHAR	shift, and go to state 43
    LIT_STRING	shift, and go to state 44
    LIT_BOOL	shift, and go to state 45
    ID  	shift, and go to state 46
    ACORDE_LIVRE	shift, and go to state 47

    operando	go to state 79



state 58

    op_binario  ->  OP_OR ID . operando operando FIM_LINHA   (rule 40)

    LIT_INT	shift, and go to state 41
    LIT_FLOAT	shift, and go to state 42
    LIT_CHAR	shift, and go to state 43
    LIT_STRING	shift, and go to state 44
    LIT_BOOL	shift, and go to state 45
    ID  	shift, and go to state 46
    ACORDE_LIVRE	shift, and go to state 47

    operando	go to state 80



state 59

    op_unario  ->  OP_NOT ID . operando FIM_LINHA   (rule 47)

    LIT_INT	shift, and go to state 41
    LIT_FLOAT	shift, and go to state 42
    LIT_CHAR	shift, and go to state 43
    LIT_STRING	shift, and go to state 44
    LIT_BOOL	shift, and go to state 45
    ID  	shift, and go to state 46
    ACORDE_LIVRE	shift, and go to state 47

    operando	go to state 81



state 60

    op_binario  ->  OP_EQ ID . operando operando FIM_LINHA   (rule 41)

    LIT_INT	shift, and go to state 41
    LIT_FLOAT	shift, and go to state 42
    LIT_CHAR	shift, and go to state 43
    LIT_STRING	shift, and go to state 44
    LIT_BOOL	shift, and go to state 45
    ID  	shift, and go to state 46
    ACORDE_LIVRE	shift, and go to state 47

    operando	go to state 82



state 61

    op_binario  ->  OP_NEQ ID . operando operando FIM_LINHA   (rule 42)

    LIT_INT	shift, and go to state 41
    LIT_FLOAT	shift, and go to state 42
    LIT_CHAR	shift, and go to state 43
    LIT_STRING	shift, and go to state 44
    LIT_BOOL	shift, and go to state 45
    ID  	shift, and go to state 46
    ACORDE_LIVRE	shift, and go to state 47

    operando	go to state 83



state 62

    op_binario  ->  OP_GT ID . operando operando FIM_LINHA   (rule 43)

    LIT_INT	shift, and go to state 41
    LIT_FLOAT	shift, and go to state 42
    LIT_CHAR	shift, and go to state 43
    LIT_STRING	shift, and go to state 44
    LIT_BOOL	shift, and go to state 45
    ID  	shift, and go to state 46
    ACORDE_LIVRE	shift, and go to state 47

    operando	go to state 84



state 63

    op_binario  ->  OP_LT ID . operando operando FIM_LINHA   (rule 44)

    LIT_INT	shift, and go to state 41
    LIT_FLOAT	shift, and go to state 42
    LIT_CHAR	shift, and go to state 43
    LIT_STRING	shift, and go to state 44
    LIT_BOOL	shift, and go to state 45
    ID  	shift, and go to state 46
    ACORDE_LIVRE	shift, and go to state 47

    operando	go to state 85



state 64

    op_binario  ->  OP_GTE ID . operando operando FIM_LINHA   (rule 45)

    LIT_INT	shift, and go to state 41
    LIT_FLOAT	shift, and go to state 42
    LIT_CHAR	shift, and go to state 43
    LIT_STRING	shift, and go to state 44
    LIT_BOOL	shift, and go to state 45
    ID  	shift, and go to state 46
    ACORDE_LIVRE	shift, and go to state 47

    operando	go to state 86



state 65

    op_binario  ->  OP_LTE ID . operando operando FIM_LINHA   (rule 46)

    LIT_INT	shift, and go to state 41
    LIT_FLOAT	shift, and go to state 42
    LIT_CHAR	shift, and go to state 43
    LIT_STRING	shift, and go to state 44
    LIT_BOOL	shift, and go to state 45
    ID  	shift, and go to state 46
    ACORDE_LIVRE	shift, and go to state 47

    operando	go to state 87



state 66

    func_call_stmt  ->  ID operando_list . FIM_LINHA   (rule 54)
    operando_list  ->  operando_list . operando   (rule 55)

    FIM_LINHA	shift, and go to state 88
    LIT_INT	shift, and go to state 41
    LIT_FLOAT	shift, and go to state 42
    LIT_CHAR	shift, and go to state 43
    LIT_STRING	shift, and go to state 44
    LIT_BOOL	shift, and go to state 45
    ID  	shift, and go to state 46
    ACORDE_LIVRE	shift, and go to state 47

    operando	go to state 89



state 67

    decl_list  ->  decl_list decl .   (rule 3)

    $default	reduce using rule 3 (decl_list)



state 68

    var_decl  ->  type VAR . ID END_BLOCO   (rule 8)
    var_decl  ->  type VAR . ID END_BLOCO operando FIM_LINHA   (rule 9)

    ID  	shift, and go to state 90



state 69

    func_decl  ->  type FUNC . ID param_list BLOCO_INI stmt_list END_BLOCO   (rule 10)
    func_decl  ->  type FUNC . ID BLOCO_INI stmt_list END_BLOCO   (rule 11)

    ID  	shift, and go to state 91



state 70

    if_stmt  ->  IF BLOCO_INI ID . FIM_LINHA stmt_list END_BLOCO   (rule 48)
    if_stmt  ->  IF BLOCO_INI ID . FIM_LINHA stmt_list END_BLOCO ELSE BLOCO_INI stmt_list END_BLOCO   (rule 49)

    FIM_LINHA	shift, and go to state 92



state 71

    while_stmt  ->  WHILE BLOCO_INI ID . FIM_LINHA stmt_list END_BLOCO   (rule 50)

    FIM_LINHA	shift, and go to state 93



state 72

    return_stmt  ->  KW_RETURN operando FIM_LINHA .   (rule 51)

    $default	reduce using rule 51 (return_stmt)



state 73

    read_list_stmt  ->  READ_LIST ID ID . operando FIM_LINHA   (rule 57)

    LIT_INT	shift, and go to state 41
    LIT_FLOAT	shift, and go to state 42
    LIT_CHAR	shift, and go to state 43
    LIT_STRING	shift, and go to state 44
    LIT_BOOL	shift, and go to state 45
    ID  	shift, and go to state 46
    ACORDE_LIVRE	shift, and go to state 47

    operando	go to state 94



state 74

    write_list_stmt  ->  WRITE_LIST ID operando . operando FIM_LINHA   (rule 58)

    LIT_INT	shift, and go to state 41
    LIT_FLOAT	shift, and go to state 42
    LIT_CHAR	shift, and go to state 43
    LIT_STRING	shift, and go to state 44
    LIT_BOOL	shift, and go to state 45
    ID  	shift, and go to state 46
    ACORDE_LIVRE	shift, and go to state 47

    operando	go to state 95



state 75

    op_binario  ->  OP_ADD ID operando . operando FIM_LINHA   (rule 35)

    LIT_INT	shift, and go to state 41
    LIT_FLOAT	shift, and go to state 42
    LIT_CHAR	shift, and go to state 43
    LIT_STRING	shift, and go to state 44
    LIT_BOOL	shift, and go to state 45
    ID  	shift, and go to state 46
    ACORDE_LIVRE	shift, and go to state 47

    operando	go to state 96



state 76

    op_binario  ->  OP_SUB ID operando . operando FIM_LINHA   (rule 36)

    LIT_INT	shift, and go to state 41
    LIT_FLOAT	shift, and go to state 42
    LIT_CHAR	shift, and go to state 43
    LIT_STRING	shift, and go to state 44
    LIT_BOOL	shift, and go to state 45
    ID  	shift, and go to state 46
    ACORDE_LIVRE	shift, and go to state 47

    operando	go to state 97



state 77

    op_binario  ->  OP_MUL ID operando . operando FIM_LINHA   (rule 37)

    LIT_INT	shift, and go to state 41
    LIT_FLOAT	shift, and go to state 42
    LIT_CHAR	shift, and go to state 43
    LIT_STRING	shift, and go to state 44
    LIT_BOOL	shift, and go to state 45
    ID  	shift, and go to state 46
    ACORDE_LIVRE	shift, and go to state 47

    operando	go to state 98



state 78

    op_binario  ->  OP_DIV ID operando . operando FIM_LINHA   (rule 38)

    LIT_INT	shift, and go to state 41
    LIT_FLOAT	shift, and go to state 42
    LIT_CHAR	shift, and go to state 43
    LIT_STRING	shift, and go to state 44
    LIT_BOOL	shift, and go to state 45
    ID  	shift, and go to state 46
    ACORDE_LIVRE	shift, and go to state 47

    operando	go to state 99



state 79

    op_binario  ->  OP_AND ID operando . operando FIM_LINHA   (rule 39)

    LIT_INT	shift, and go to state 41
    LIT_FLOAT	shift, and go to state 42
    LIT_CHAR	shift, and go to state 43
    LIT_STRING	shift, and go to state 44
    LIT_BOOL	shift, and go to state 45
    ID  	shift, and go to state 46
    ACORDE_LIVRE	shift, and go to state 47

    operando	go to state 100



state 80

    op_binario  ->  OP_OR ID operando . operando FIM_LINHA   (rule 40)

    LIT_INT	shift, and go to state 41
    LIT_FLOAT	shift, and go to state 42
    LIT_CHAR	shift, and go to state 43
    LIT_STRING	shift, and go to state 44
    LIT_BOOL	shift, and go to state 45
    ID  	shift, and go to state 46
    ACORDE_LIVRE	shift, and go to state 47

    operando	go to state 101



state 81

    op_unario  ->  OP_NOT ID operando . FIM_LINHA   (rule 47)

    FIM_LINHA	shift, and go to state 102



state 82

    op_binario  ->  OP_EQ ID operando . operando FIM_LINHA   (rule 41)

    LIT_INT	shift, and go to state 41
    LIT_FLOAT	shift, and go to state 42
    LIT_CHAR	shift, and go to state 43
    LIT_STRING	shift, and go to state 44
    LIT_BOOL	shift, and go to state 45
    ID  	shift, and go to state 46
    ACORDE_LIVRE	shift, and go to state 47

    operando	go to state 103



state 83

    op_binario  ->  OP_NEQ ID operando . operando FIM_LINHA   (rule 42)

    LIT_INT	shift, and go to state 41
    LIT_FLOAT	shift, and go to state 42
    LIT_CHAR	shift, and go to state 43
    LIT_STRING	shift, and go to state 44
    LIT_BOOL	shift, and go to state 45
    ID  	shift, and go to state 46
    ACORDE_LIVRE	shift, and go to state 47

    operando	go to state 104



state 84

    op_binario  ->  OP_GT ID operando . operando FIM_LINHA   (rule 43)

    LIT_INT	shift, and go to state 41
    LIT_FLOAT	shift, and go to state 42
    LIT_CHAR	shift, and go to state 43
    LIT_STRING	shift, and go to state 44
    LIT_BOOL	shift, and go to state 45
    ID  	shift, and go to state 46
    ACORDE_LIVRE	shift, and go to state 47

    operando	go to state 105



state 85

    op_binario  ->  OP_LT ID operando . operando FIM_LINHA   (rule 44)

    LIT_INT	shift, and go to state 41
    LIT_FLOAT	shift, and go to state 42
    LIT_CHAR	shift, and go to state 43
    LIT_STRING	shift, and go to state 44
    LIT_BOOL	shift, and go to state 45
    ID  	shift, and go to state 46
    ACORDE_LIVRE	shift, and go to state 47

    operando	go to state 106



state 86

    op_binario  ->  OP_GTE ID operando . operando FIM_LINHA   (rule 45)

    LIT_INT	shift, and go to state 41
    LIT_FLOAT	shift, and go to state 42
    LIT_CHAR	shift, and go to state 43
    LIT_STRING	shift, and go to state 44
    LIT_BOOL	shift, and go to state 45
    ID  	shift, and go to state 46
    ACORDE_LIVRE	shift, and go to state 47

    operando	go to state 107



state 87

    op_binario  ->  OP_LTE ID operando . operando FIM_LINHA   (rule 46)

    LIT_INT	shift, and go to state 41
    LIT_FLOAT	shift, and go to state 42
    LIT_CHAR	shift, and go to state 43
    LIT_STRING	shift, and go to state 44
    LIT_BOOL	shift, and go to state 45
    ID  	shift, and go to state 46
    ACORDE_LIVRE	shift, and go to state 47

    operando	go to state 108



state 88

    func_call_stmt  ->  ID operando_list FIM_LINHA .   (rule 54)

    $default	reduce using rule 54 (func_call_stmt)



state 89

    operando_list  ->  operando_list operando .   (rule 55)

    $default	reduce using rule 55 (operando_list)



state 90

    var_decl  ->  type VAR ID . END_BLOCO   (rule 8)
    var_decl  ->  type VAR ID . END_BLOCO operando FIM_LINHA   (rule 9)

    END_BLOCO	shift, and go to state 109



state 91

    func_decl  ->  type FUNC ID . param_list BLOCO_INI stmt_list END_BLOCO   (rule 10)
    func_decl  ->  type FUNC ID . BLOCO_INI stmt_list END_BLOCO   (rule 11)

    TIPO	shift, and go to state 110
    BLOCO_INI	shift, and go to state 111

    param_list	go to state 112
    param	go to state 113



state 92

    if_stmt  ->  IF BLOCO_INI ID FIM_LINHA . stmt_list END_BLOCO   (rule 48)
    if_stmt  ->  IF BLOCO_INI ID FIM_LINHA . stmt_list END_BLOCO ELSE BLOCO_INI stmt_list END_BLOCO   (rule 49)

    $default	reduce using rule 16 (stmt_list)

    stmt_list	go to state 114



state 93

    while_stmt  ->  WHILE BLOCO_INI ID FIM_LINHA . stmt_list END_BLOCO   (rule 50)

    $default	reduce using rule 16 (stmt_list)

    stmt_list	go to state 115



state 94

    read_list_stmt  ->  READ_LIST ID ID operando . FIM_LINHA   (rule 57)

    FIM_LINHA	shift, and go to state 116



state 95

    write_list_stmt  ->  WRITE_LIST ID operando operando . FIM_LINHA   (rule 58)

    FIM_LINHA	shift, and go to state 117



state 96

    op_binario  ->  OP_ADD ID operando operando . FIM_LINHA   (rule 35)

    FIM_LINHA	shift, and go to state 118



state 97

    op_binario  ->  OP_SUB ID operando operando . FIM_LINHA   (rule 36)

    FIM_LINHA	shift, and go to state 119



state 98

    op_binario  ->  OP_MUL ID operando operando . FIM_LINHA   (rule 37)

    FIM_LINHA	shift, and go to state 120



state 99

    op_binario  ->  OP_DIV ID operando operando . FIM_LINHA   (rule 38)

    FIM_LINHA	shift, and go to state 121



state 100

    op_binario  ->  OP_AND ID operando operando . FIM_LINHA   (rule 39)

    FIM_LINHA	shift, and go to state 122



state 101

    op_binario  ->  OP_OR ID operando operando . FIM_LINHA   (rule 40)

    FIM_LINHA	shift, and go to state 123



state 102

    op_unario  ->  OP_NOT ID operando FIM_LINHA .   (rule 47)

    $default	reduce using rule 47 (op_unario)



state 103

    op_binario  ->  OP_EQ ID operando operando . FIM_LINHA   (rule 41)

    FIM_LINHA	shift, and go to state 124



state 104

    op_binario  ->  OP_NEQ ID operando operando . FIM_LINHA   (rule 42)

    FIM_LINHA	shift, and go to state 125



state 105

    op_binario  ->  OP_GT ID operando operando . FIM_LINHA   (rule 43)

    FIM_LINHA	shift, and go to state 126



state 106

    op_binario  ->  OP_LT ID operando operando . FIM_LINHA   (rule 44)

    FIM_LINHA	shift, and go to state 127



state 107

    op_binario  ->  OP_GTE ID operando operando . FIM_LINHA   (rule 45)

    FIM_LINHA	shift, and go to state 128



state 108

    op_binario  ->  OP_LTE ID operando operando . FIM_LINHA   (rule 46)

    FIM_LINHA	shift, and go to state 129



state 109

    var_decl  ->  type VAR ID END_BLOCO .   (rule 8)
    var_decl  ->  type VAR ID END_BLOCO . operando FIM_LINHA   (rule 9)

    LIT_INT	shift, and go to state 41
    LIT_FLOAT	shift, and go to state 42
    LIT_CHAR	shift, and go to state 43
    LIT_STRING	shift, and go to state 44
    LIT_BOOL	shift, and go to state 45
    ID  	shift, and go to state 46
    ACORDE_LIVRE	shift, and go to state 47

    ID  	[reduce using rule 8 (var_decl)]
    $default	reduce using rule 8 (var_decl)

    operando	go to state 130



state 110

    param  ->  TIPO . ID   (rule 14)

    ID  	shift, and go to state 131



state 111

    func_decl  ->  type FUNC ID BLOCO_INI . stmt_list END_BLOCO   (rule 11)

    $default	reduce using rule 16 (stmt_list)

    stmt_list	go to state 132



state 112

    func_decl  ->  type FUNC ID param_list . BLOCO_INI stmt_list END_BLOCO   (rule 10)
    param_list  ->  param_list . param   (rule 12)

    TIPO	shift, and go to state 110
    BLOCO_INI	shift, and go to state 133

    param	go to state 134



state 113

    param_list  ->  param .   (rule 13)

    $default	reduce using rule 13 (param_list)



state 114

    stmt_list  ->  stmt_list . stmt   (rule 15)
    if_stmt  ->  IF BLOCO_INI ID FIM_LINHA stmt_list . END_BLOCO   (rule 48)
    if_stmt  ->  IF BLOCO_INI ID FIM_LINHA stmt_list . END_BLOCO ELSE BLOCO_INI stmt_list END_BLOCO   (rule 49)

    TIPO	shift, and go to state 1
    IF  	shift, and go to state 2
    WHILE	shift, and go to state 3
    KW_RETURN	shift, and go to state 4
    KW_BREAK	shift, and go to state 5
    KW_CONTINUE	shift, and go to state 6
    END_BLOCO	shift, and go to state 135
    READ_LIST	shift, and go to state 7
    WRITE_LIST	shift, and go to state 8
    OP_ADD	shift, and go to state 9
    OP_SUB	shift, and go to state 10
    OP_MUL	shift, and go to state 11
    OP_DIV	shift, and go to state 12
    OP_AND	shift, and go to state 13
    OP_OR	shift, and go to state 14
    OP_NOT	shift, and go to state 15
    OP_EQ	shift, and go to state 16
    OP_NEQ	shift, and go to state 17
    OP_GT	shift, and go to state 18
    OP_LT	shift, and go to state 19
    OP_GTE	shift, and go to state 20
    OP_LTE	shift, and go to state 21
    ID  	shift, and go to state 22

    type	go to state 136
    var_decl	go to state 26
    stmt	go to state 137
    op_binario	go to state 29
    op_unario	go to state 30
    if_stmt	go to state 31
    while_stmt	go to state 32
    return_stmt	go to state 33
    break_stmt	go to state 34
    continue_stmt	go to state 35
    func_call_stmt	go to state 36
    read_list_stmt	go to state 37
    write_list_stmt	go to state 38



state 115

    stmt_list  ->  stmt_list . stmt   (rule 15)
    while_stmt  ->  WHILE BLOCO_INI ID FIM_LINHA stmt_list . END_BLOCO   (rule 50)

    TIPO	shift, and go to state 1
    IF  	shift, and go to state 2
    WHILE	shift, and go to state 3
    KW_RETURN	shift, and go to state 4
    KW_BREAK	shift, and go to state 5
    KW_CONTINUE	shift, and go to state 6
    END_BLOCO	shift, and go to state 138
    READ_LIST	shift, and go to state 7
    WRITE_LIST	shift, and go to state 8
    OP_ADD	shift, and go to state 9
    OP_SUB	shift, and go to state 10
    OP_MUL	shift, and go to state 11
    OP_DIV	shift, and go to state 12
    OP_AND	shift, and go to state 13
    OP_OR	shift, and go to state 14
    OP_NOT	shift, and go to state 15
    OP_EQ	shift, and go to state 16
    OP_NEQ	shift, and go to state 17
    OP_GT	shift, and go to state 18
    OP_LT	shift, and go to state 19
    OP_GTE	shift, and go to state 20
    OP_LTE	shift, and go to state 21
    ID  	shift, and go to state 22

    type	go to state 136
    var_decl	go to state 26
    stmt	go to state 137
    op_binario	go to state 29
    op_unario	go to state 30
    if_stmt	go to state 31
    while_stmt	go to state 32
    return_stmt	go to state 33
    break_stmt	go to state 34
    continue_stmt	go to state 35
    func_call_stmt	go to state 36
    read_list_stmt	go to state 37
    write_list_stmt	go to state 38



state 116

    read_list_stmt  ->  READ_LIST ID ID operando FIM_LINHA .   (rule 57)

    $default	reduce using rule 57 (read_list_stmt)



state 117

    write_list_stmt  ->  WRITE_LIST ID operando operando FIM_LINHA .   (rule 58)

    $default	reduce using rule 58 (write_list_stmt)



state 118

    op_binario  ->  OP_ADD ID operando operando FIM_LINHA .   (rule 35)

    $default	reduce using rule 35 (op_binario)



state 119

    op_binario  ->  OP_SUB ID operando operando FIM_LINHA .   (rule 36)

    $default	reduce using rule 36 (op_binario)



state 120

    op_binario  ->  OP_MUL ID operando operando FIM_LINHA .   (rule 37)

    $default	reduce using rule 37 (op_binario)



state 121

    op_binario  ->  OP_DIV ID operando operando FIM_LINHA .   (rule 38)

    $default	reduce using rule 38 (op_binario)



state 122

    op_binario  ->  OP_AND ID operando operando FIM_LINHA .   (rule 39)

    $default	reduce using rule 39 (op_binario)



state 123

    op_binario  ->  OP_OR ID operando operando FIM_LINHA .   (rule 40)

    $default	reduce using rule 40 (op_binario)



state 124

    op_binario  ->  OP_EQ ID operando operando FIM_LINHA .   (rule 41)

    $default	reduce using rule 41 (op_binario)



state 125

    op_binario  ->  OP_NEQ ID operando operando FIM_LINHA .   (rule 42)

    $default	reduce using rule 42 (op_binario)



state 126

    op_binario  ->  OP_GT ID operando operando FIM_LINHA .   (rule 43)

    $default	reduce using rule 43 (op_binario)



state 127

    op_binario  ->  OP_LT ID operando operando FIM_LINHA .   (rule 44)

    $default	reduce using rule 44 (op_binario)



state 128

    op_binario  ->  OP_GTE ID operando operando FIM_LINHA .   (rule 45)

    $default	reduce using rule 45 (op_binario)



state 129

    op_binario  ->  OP_LTE ID operando operando FIM_LINHA .   (rule 46)

    $default	reduce using rule 46 (op_binario)



state 130

    var_decl  ->  type VAR ID END_BLOCO operando . FIM_LINHA   (rule 9)

    FIM_LINHA	shift, and go to state 139



state 131

    param  ->  TIPO ID .   (rule 14)

    $default	reduce using rule 14 (param)



state 132

    func_decl  ->  type FUNC ID BLOCO_INI stmt_list . END_BLOCO   (rule 11)
    stmt_list  ->  stmt_list . stmt   (rule 15)

    TIPO	shift, and go to state 1
    IF  	shift, and go to state 2
    WHILE	shift, and go to state 3
    KW_RETURN	shift, and go to state 4
    KW_BREAK	shift, and go to state 5
    KW_CONTINUE	shift, and go to state 6
    END_BLOCO	shift, and go to state 140
    READ_LIST	shift, and go to state 7
    WRITE_LIST	shift, and go to state 8
    OP_ADD	shift, and go to state 9
    OP_SUB	shift, and go to state 10
    OP_MUL	shift, and go to state 11
    OP_DIV	shift, and go to state 12
    OP_AND	shift, and go to state 13
    OP_OR	shift, and go to state 14
    OP_NOT	shift, and go to state 15
    OP_EQ	shift, and go to state 16
    OP_NEQ	shift, and go to state 17
    OP_GT	shift, and go to state 18
    OP_LT	shift, and go to state 19
    OP_GTE	shift, and go to state 20
    OP_LTE	shift, and go to state 21
    ID  	shift, and go to state 22

    type	go to state 136
    var_decl	go to state 26
    stmt	go to state 137
    op_binario	go to state 29
    op_unario	go to state 30
    if_stmt	go to state 31
    while_stmt	go to state 32
    return_stmt	go to state 33
    break_stmt	go to state 34
    continue_stmt	go to state 35
    func_call_stmt	go to state 36
    read_list_stmt	go to state 37
    write_list_stmt	go to state 38



state 133

    func_decl  ->  type FUNC ID param_list BLOCO_INI . stmt_list END_BLOCO   (rule 10)

    $default	reduce using rule 16 (stmt_list)

    stmt_list	go to state 141



state 134

    param_list  ->  param_list param .   (rule 12)

    $default	reduce using rule 12 (param_list)



state 135

    if_stmt  ->  IF BLOCO_INI ID FIM_LINHA stmt_list END_BLOCO .   (rule 48)
    if_stmt  ->  IF BLOCO_INI ID FIM_LINHA stmt_list END_BLOCO . ELSE BLOCO_INI stmt_list END_BLOCO   (rule 49)

    ELSE	shift, and go to state 142

    $default	reduce using rule 48 (if_stmt)



state 136

    var_decl  ->  type . VAR ID END_BLOCO   (rule 8)
    var_decl  ->  type . VAR ID END_BLOCO operando FIM_LINHA   (rule 9)

    VAR 	shift, and go to state 68



state 137

    stmt_list  ->  stmt_list stmt .   (rule 15)

    $default	reduce using rule 15 (stmt_list)



state 138

    while_stmt  ->  WHILE BLOCO_INI ID FIM_LINHA stmt_list END_BLOCO .   (rule 50)

    $default	reduce using rule 50 (while_stmt)



state 139

    var_decl  ->  type VAR ID END_BLOCO operando FIM_LINHA .   (rule 9)

    $default	reduce using rule 9 (var_decl)



state 140

    func_decl  ->  type FUNC ID BLOCO_INI stmt_list END_BLOCO .   (rule 11)

    $default	reduce using rule 11 (func_decl)



state 141

    func_decl  ->  type FUNC ID param_list BLOCO_INI stmt_list . END_BLOCO   (rule 10)
    stmt_list  ->  stmt_list . stmt   (rule 15)

    TIPO	shift, and go to state 1
    IF  	shift, and go to state 2
    WHILE	shift, and go to state 3
    KW_RETURN	shift, and go to state 4
    KW_BREAK	shift, and go to state 5
    KW_CONTINUE	shift, and go to state 6
    END_BLOCO	shift, and go to state 143
    READ_LIST	shift, and go to state 7
    WRITE_LIST	shift, and go to state 8
    OP_ADD	shift, and go to state 9
    OP_SUB	shift, and go to state 10
    OP_MUL	shift, and go to state 11
    OP_DIV	shift, and go to state 12
    OP_AND	shift, and go to state 13
    OP_OR	shift, and go to state 14
    OP_NOT	shift, and go to state 15
    OP_EQ	shift, and go to state 16
    OP_NEQ	shift, and go to state 17
    OP_GT	shift, and go to state 18
    OP_LT	shift, and go to state 19
    OP_GTE	shift, and go to state 20
    OP_LTE	shift, and go to state 21
    ID  	shift, and go to state 22

    type	go to state 136
    var_decl	go to state 26
    stmt	go to state 137
    op_binario	go to state 29
    op_unario	go to state 30
    if_stmt	go to state 31
    while_stmt	go to state 32
    return_stmt	go to state 33
    break_stmt	go to state 34
    continue_stmt	go to state 35
    func_call_stmt	go to state 36
    read_list_stmt	go to state 37
    write_list_stmt	go to state 38



state 142

    if_stmt  ->  IF BLOCO_INI ID FIM_LINHA stmt_list END_BLOCO ELSE . BLOCO_INI stmt_list END_BLOCO   (rule 49)

    BLOCO_INI	shift, and go to state 144



state 143

    func_decl  ->  type FUNC ID param_list BLOCO_INI stmt_list END_BLOCO .   (rule 10)

    $default	reduce using rule 10 (func_decl)



state 144

    if_stmt  ->  IF BLOCO_INI ID FIM_LINHA stmt_list END_BLOCO ELSE BLOCO_INI . stmt_list END_BLOCO   (rule 49)

    $default	reduce using rule 16 (stmt_list)

    stmt_list	go to state 145



state 145

    stmt_list  ->  stmt_list . stmt   (rule 15)
    if_stmt  ->  IF BLOCO_INI ID FIM_LINHA stmt_list END_BLOCO ELSE BLOCO_INI stmt_list . END_BLOCO   (rule 49)

    TIPO	shift, and go to state 1
    IF  	shift, and go to state 2
    WHILE	shift, and go to state 3
    KW_RETURN	shift, and go to state 4
    KW_BREAK	shift, and go to state 5
    KW_CONTINUE	shift, and go to state 6
    END_BLOCO	shift, and go to state 146
    READ_LIST	shift, and go to state 7
    WRITE_LIST	shift, and go to state 8
    OP_ADD	shift, and go to state 9
    OP_SUB	shift, and go to state 10
    OP_MUL	shift, and go to state 11
    OP_DIV	shift, and go to state 12
    OP_AND	shift, and go to state 13
    OP_OR	shift, and go to state 14
    OP_NOT	shift, and go to state 15
    OP_EQ	shift, and go to state 16
    OP_NEQ	shift, and go to state 17
    OP_GT	shift, and go to state 18
    OP_LT	shift, and go to state 19
    OP_GTE	shift, and go to state 20
    OP_LTE	shift, and go to state 21
    ID  	shift, and go to state 22

    type	go to state 136
    var_decl	go to state 26
    stmt	go to state 137
    op_binario	go to state 29
    op_unario	go to state 30
    if_stmt	go to state 31
    while_stmt	go to state 32
    return_stmt	go to state 33
    break_stmt	go to state 34
    continue_stmt	go to state 35
    func_call_stmt	go to state 36
    read_list_stmt	go to state 37
    write_list_stmt	go to state 38



state 146

    if_stmt  ->  IF BLOCO_INI ID FIM_LINHA stmt_list END_BLOCO ELSE BLOCO_INI stmt_list END_BLOCO .   (rule 49)

    $default	reduce using rule 49 (if_stmt)



state 147

    $   	go to state 148



state 148

    $   	go to state 149



state 149

    $default	accept
